2025-08-03 01:12:40 INFO  AbstractLangProcessor: - Start parsing files...
2025-08-03 01:12:40 INFO  AbstractLangProcessor: - Resolve types and bindings of variables, methods and expressions.... /home/rayhan/Desktop/depends-project/example-projects/java-project
2025-08-03 01:12:40 INFO  AbstractLangProcessor: - Heap Information: init = 253755392(247808K) used = 28346352(27681K) committed = 255852544(249856K) max = 4039114752(3944448K)
2025-08-03 01:12:40 INFO  IBindingResolver: - Resolve type bindings...
2025-08-03 01:12:40 INFO  IBindingResolver: - Dependency analaysing...
2025-08-03 01:12:40 INFO  IBindingResolver: - Heap Information: init = 253755392(247808K) used = 28346352(27681K) committed = 255852544(249856K) max = 4039114752(3944448K)
2025-08-03 01:12:40 INFO  AbstractLangProcessor: - Heap Information: init = 253755392(247808K) used = 8305392(8110K) committed = 50331648(49152K) max = 4039114752(3944448K)
2025-08-03 01:12:40 INFO  DependencyGenerator: - Dependencies data generating done successfully...
2025-08-03 01:18:36 INFO  AbstractLangProcessor: - Start parsing files...
2025-08-03 01:18:36 INFO  AbstractLangProcessor: - Resolve types and bindings of variables, methods and expressions.... /home/rayhan/Desktop/depends-project/example-projects/java-project
2025-08-03 01:18:36 INFO  AbstractLangProcessor: - Heap Information: init = 253755392(247808K) used = 26249200(25633K) committed = 255852544(249856K) max = 4039114752(3944448K)
2025-08-03 01:18:36 INFO  IBindingResolver: - Resolve type bindings...
2025-08-03 01:18:36 INFO  IBindingResolver: - Dependency analaysing...
2025-08-03 01:18:36 INFO  IBindingResolver: - Heap Information: init = 253755392(247808K) used = 28346352(27681K) committed = 255852544(249856K) max = 4039114752(3944448K)
2025-08-03 01:18:36 INFO  AbstractLangProcessor: - Heap Information: init = 253755392(247808K) used = 8306736(8112K) committed = 50331648(49152K) max = 4039114752(3944448K)
2025-08-03 01:18:36 INFO  DependencyGenerator: - Dependencies data generating done successfully...
2025-08-03 01:22:48 INFO  AbstractLangProcessor: - Start parsing files...
2025-08-03 01:22:48 INFO  AbstractLangProcessor: - Resolve types and bindings of variables, methods and expressions.... /home/rayhan/Desktop/depends-project/example-projects/java-project
2025-08-03 01:22:48 INFO  AbstractLangProcessor: - Heap Information: init = 253755392(247808K) used = 26249200(25633K) committed = 255852544(249856K) max = 4039114752(3944448K)
2025-08-03 01:22:48 INFO  IBindingResolver: - Resolve type bindings...
2025-08-03 01:22:48 INFO  IBindingResolver: - Dependency analaysing...
2025-08-03 01:22:48 INFO  IBindingResolver: - Heap Information: init = 253755392(247808K) used = 28346352(27681K) committed = 255852544(249856K) max = 4039114752(3944448K)
2025-08-03 01:22:48 INFO  AbstractLangProcessor: - Heap Information: init = 253755392(247808K) used = 8306688(8112K) committed = 50331648(49152K) max = 4039114752(3944448K)
2025-08-03 01:22:48 INFO  DependencyGenerator: - Dependencies data generating done successfully...
